0 info it worked if it ends with ok
1 verbose cli [ 'C:\\Program Files\\nodejs\\\\node.exe',
1 verbose cli   'C:\\Program Files\\nodejs\\node_modules\\npm\\bin\\npm-cli.js',
1 verbose cli   'run',
1 verbose cli   'dev' ]
2 info using npm@3.4.0
3 info using node@v0.12.0
4 verbose run-script [ 'predev', 'dev', 'postdev' ]
5 info lifecycle react-easy-datepicker-v2@1.0.0~predev: react-easy-datepicker-v2@1.0.0
6 silly lifecycle react-easy-datepicker-v2@1.0.0~predev: no script for predev, continuing
7 info lifecycle react-easy-datepicker-v2@1.0.0~dev: react-easy-datepicker-v2@1.0.0
8 verbose lifecycle react-easy-datepicker-v2@1.0.0~dev: unsafe-perm in lifecycle true
9 verbose lifecycle react-easy-datepicker-v2@1.0.0~dev: PATH: C:\Program Files\nodejs\node_modules\npm\bin\node-gyp-bin;H:\GitHub\React-Easy-datepicker\v1.5\node_modules\.bin;C:\ProgramData\Oracle\Java\javapath;C:\WINDOWS\system32;C:\WINDOWS;C:\WINDOWS\System32\Wbem;C:\WINDOWS\System32\WindowsPowerShell\v1.0\;C:\Program Files\nodejs\;C:\Program Files (x86)\scala\bin;C:\Program Files (x86)\Windows Kits\8.1\Windows Performance Toolkit\;C:\Program Files\Microsoft SQL Server\110\Tools\Binn\;C:\Program Files (x86)\Microsoft SDKs\TypeScript\1.0\;C:\Go\bin;C:\Program Files\Microsoft SQL Server\120\Tools\Binn\;C:\Program Files (x86)\GtkSharp\2.12\bin;C:\Program Files\Java\jdk1.8.0_31\bin;C:\Program Files\Java\jdk1.8.0_31\jre\bin;C:\Users\Evens\AppData\Local\Android\android-sdk\platform-tools;C:\Program Files (x86)\Microsoft SDKs\TypeScript\1.4\;C:\Python27;C:\Users\Evens\.dnx\bin;C:\Program Files\Microsoft DNX\Dnvm\;C:\Program Files\Microsoft SQL Server\Client SDK\ODBC\110\Tools\Binn\;C:\Program Files (x86)\Microsoft SQL Server\120\Tools\Binn\ManagementStudio\;C:\Program Files (x86)\Microsoft SQL Server\120\Tools\Binn\;C:\Program Files (x86)\Microsoft SQL Server\120\DTS\Binn\;C:\Program Files\Microsoft SQL Server\120\DTS\Binn\;C:\Users\Evens\AppData\Roaming\npm;C:\Ruby21-x64\bin;C:\Python27\Scripts;C:\Program Files\MongoDB\Server\3.0\bin;C:\Users\Evens\AppData\Local\atom\bin;C:\Users\Evens\Desktop\Utils
10 verbose lifecycle react-easy-datepicker-v2@1.0.0~dev: CWD: H:\GitHub\React-Easy-datepicker\v1.5
11 silly lifecycle react-easy-datepicker-v2@1.0.0~dev: Args: [ '/d /s /c',
11 silly lifecycle   'webpack-dev-server --progress --colors --hot --content-base build' ]
12 silly lifecycle react-easy-datepicker-v2@1.0.0~dev: Returned: code: 1  signal: null
13 info lifecycle react-easy-datepicker-v2@1.0.0~dev: Failed to exec dev script
14 verbose stack Error: react-easy-datepicker-v2@1.0.0 dev: `webpack-dev-server --progress --colors --hot --content-base build`
14 verbose stack Exit status 1
14 verbose stack     at EventEmitter.<anonymous> (C:\Program Files\nodejs\node_modules\npm\lib\utils\lifecycle.js:232:16)
14 verbose stack     at EventEmitter.emit (events.js:110:17)
14 verbose stack     at ChildProcess.<anonymous> (C:\Program Files\nodejs\node_modules\npm\lib\utils\spawn.js:24:14)
14 verbose stack     at ChildProcess.emit (events.js:110:17)
14 verbose stack     at maybeClose (child_process.js:1008:16)
14 verbose stack     at Process.ChildProcess._handle.onexit (child_process.js:1080:5)
15 verbose pkgid react-easy-datepicker-v2@1.0.0
16 verbose cwd H:\GitHub\React-Easy-datepicker\v1.5
17 error Windows_NT 6.3.9600
18 error argv "C:\\Program Files\\nodejs\\\\node.exe" "C:\\Program Files\\nodejs\\node_modules\\npm\\bin\\npm-cli.js" "run" "dev"
19 error node v0.12.0
20 error npm  v3.4.0
21 error code ELIFECYCLE
22 error react-easy-datepicker-v2@1.0.0 dev: `webpack-dev-server --progress --colors --hot --content-base build`
22 error Exit status 1
23 error Failed at the react-easy-datepicker-v2@1.0.0 dev script 'webpack-dev-server --progress --colors --hot --content-base build'.
23 error Make sure you have the latest version of node.js and npm installed.
23 error If you do, this is most likely a problem with the react-easy-datepicker-v2 package,
23 error not with npm itself.
23 error Tell the author that this fails on your system:
23 error     webpack-dev-server --progress --colors --hot --content-base build
23 error You can get their info via:
23 error     npm owner ls react-easy-datepicker-v2
23 error There is likely additional logging output above.
24 verbose exit [ 1, true ]
